#
# A fatal error has been detected by the Java Runtime Environment:
#
#  EXCEPTION_ACCESS_VIOLATION (0xc0000005) at pc=0x00000000755d7926, pid=10736, tid=0x00000000000036f0
#
# JRE version: Java(TM) SE Runtime Environment (8.0_121-b13) (build 1.8.0_121-b13)
# Java VM: Java HotSpot(TM) 64-Bit Server VM (25.121-b13 mixed mode windows-amd64 compressed oops)
# Problematic frame:
# C  [jfxwebkit.dll+0x857926]
#
# Failed to write core dump. Minidumps are not enabled by default on client versions of Windows
#
# If you would like to submit a bug report, please visit:
#   http://bugreport.java.com/bugreport/crash.jsp
# The crash happened outside the Java Virtual Machine in native code.
# See problematic frame for where to report the bug.
#

---------------  T H R E A D  ---------------

Current thread (0x00000000209a0000):  JavaThread "JavaFX Application Thread" [_thread_in_native, id=14064, stack(0x0000000029740000,0x0000000029840000)]

siginfo: ExceptionCode=0xc0000005, writing address 0x0000000000000000

Registers:
RAX=0x000000002983a438, RBX=0x00000000311bb920, RCX=0x0000000000000000, RDX=0x0000000000000073
RSP=0x000000002983a3f0, RBP=0x000000002983a498, RSI=0x0000000076fe80c0, RDI=0x000000002983a458
R8 =0x0000000000000004, R9 =0x0000000075d31b2d, R10=0xffffffffbb01f06c, R11=0x0000000076d9e4c0
R12=0x0000000000000001, R13=0x0000000000000001, R14=0x0000000000000000, R15=0x00000000311bb920
RIP=0x00000000755d7926, EFLAGS=0x0000000000010202

Top of Stack: (sp=0x000000002983a3f0)
0x000000002983a3f0:   0000000000000000 00000000311bb920
0x000000002983a400:   000000002983a498 0000000000000000
0x000000002983a410:   0000000031145d00 000000002983a498
0x000000002983a420:   0000000000000000 00000000752df1f4
0x000000002983a430:   0000000031145d18 0000000000000000
0x000000002983a440:   0000000031145d00 0000000000000000
0x000000002983a450:   0000000000000000 0000000000000000
0x000000002983a460:   000000002983a470 0000000000000001
0x000000002983a470:   000000002983a608 0000000074f7b738
0x000000002983a480:   0000ebdca7f17df2 000000007539fa9d
0x000000002983a490:   000000003118a040 0000000000000001
0x000000002983a4a0:   0000000000000000 00000000311bc240
0x000000002983a4b0:   00000000311bb6e0 0000000075156f84
0x000000002983a4c0:   000000003118a040 00000000753a11fe
0x000000002983a4d0:   0000000031145d00 0000000000000000
0x000000002983a4e0:   0000000000000000 00000000753eb151 

Instructions: (pc=0x00000000755d7926)
0x00000000755d7906:   0d 65 48 a1 01 48 8d 54 24 48 4c 8b c3 48 8b ce
0x00000000755d7916:   c6 44 24 20 00 e8 70 de cf ff 48 8b 08 48 89 0f
0x00000000755d7926:   ff 01 48 8b 5c 24 48 48 c7 44 24 48 00 00 00 00
0x00000000755d7936:   48 85 db 74 2b 8b 03 ff c8 74 15 89 03 48 8b c7 


Register to memory mapping:

RAX=0x000000002983a438 is pointing into the stack for thread: 0x00000000209a0000
RBX=0x00000000311bb920 is an unknown value
RCX=0x0000000000000000 is an unknown value
RDX=0x0000000000000073 is an unknown value
RSP=0x000000002983a3f0 is pointing into the stack for thread: 0x00000000209a0000
RBP=0x000000002983a498 is pointing into the stack for thread: 0x00000000209a0000
RSI=0x0000000076fe80c0 is an unknown value
RDI=0x000000002983a458 is pointing into the stack for thread: 0x00000000209a0000
R8 =0x0000000000000004 is an unknown value
R9 =0x0000000075d31b2d is an unknown value
R10=0xffffffffbb01f06c is an unknown value
R11=0x0000000076d9e4c0 is an unknown value
R12=0x0000000000000001 is an unknown value
R13=0x0000000000000001 is an unknown value
R14=0x0000000000000000 is an unknown value
R15=0x00000000311bb920 is an unknown value


Stack: [0x0000000029740000,0x0000000029840000],  sp=0x000000002983a3f0,  free space=1000k
Native frames: (J=compiled Java code, j=interpreted, Vv=VM code, C=native code)
C  [jfxwebkit.dll+0x857926]
C  [jfxwebkit.dll+0x55f1f4]
C  [jfxwebkit.dll+0x3d6f84]
C  [jfxwebkit.dll+0x66b151]
C  [jfxwebkit.dll+0x60f08a]
C  [jfxwebkit.dll+0x60165d]
C  [jfxwebkit.dll+0x5ee389]
C  [jfxwebkit.dll+0x602241]
C  [jfxwebkit.dll+0x60297e]
C  [jfxwebkit.dll+0x60166f]
C  [jfxwebkit.dll+0x5ee389]
C  [jfxwebkit.dll+0x600fe7]
C  [jfxwebkit.dll+0x7159da]
C  [jfxwebkit.dll+0x714f0d]
C  [jfxwebkit.dll+0x60fd26]
C  [jfxwebkit.dll+0x60fa92]
C  [jfxwebkit.dll+0x60f485]
C  [jfxwebkit.dll+0x60165d]
C  [jfxwebkit.dll+0x6d7bf4]
C  [jfxwebkit.dll+0x6dae05]
C  [jfxwebkit.dll+0x6df6a2]
C  [jfxwebkit.dll+0x6ce478]
C  [jfxwebkit.dll+0x602241]
C  [jfxwebkit.dll+0x60297e]
C  [jfxwebkit.dll+0x60166f]
C  [jfxwebkit.dll+0x6d7bf4]
C  [jfxwebkit.dll+0x6dae05]
C  [jfxwebkit.dll+0x6df6a2]
C  [jfxwebkit.dll+0x6ce478]
C  [jfxwebkit.dll+0x602241]
C  [jfxwebkit.dll+0x60297e]
C  [jfxwebkit.dll+0x60166f]
C  [jfxwebkit.dll+0x5ee389]
C  [jfxwebkit.dll+0x602241]
C  [jfxwebkit.dll+0x60297e]
C  [jfxwebkit.dll+0x60166f]
C  [jfxwebkit.dll+0x5ee389]
C  [jfxwebkit.dll+0x602241]
C  [jfxwebkit.dll+0x60297e]
C  [jfxwebkit.dll+0x60166f]
C  [jfxwebkit.dll+0x5ee389]
C  [jfxwebkit.dll+0x602241]
C  [jfxwebkit.dll+0x60297e]
C  [jfxwebkit.dll+0x60166f]
C  [jfxwebkit.dll+0x5ee389]
C  [jfxwebkit.dll+0x602241]
C  [jfxwebkit.dll+0x60297e]
C  [jfxwebkit.dll+0x60166f]
C  [jfxwebkit.dll+0x5ee389]
C  [jfxwebkit.dll+0x602241]
C  [jfxwebkit.dll+0x60297e]
C  [jfxwebkit.dll+0x60166f]
C  [jfxwebkit.dll+0x5ee389]
C  [jfxwebkit.dll+0x602241]
C  [jfxwebkit.dll+0x60297e]
C  [jfxwebkit.dll+0x60166f]
C  [jfxwebkit.dll+0x5ee389]
C  [jfxwebkit.dll+0x6fd85d]
C  [jfxwebkit.dll+0x4ebc18]
C  [jfxwebkit.dll+0x53ecbe]
C  0x0000000005287f74

Java frames: (J=compiled Java code, j=interpreted, Vv=VM code)
j  com.sun.webkit.Timer.twkFireTimerEvent()V+0
j  com.sun.webkit.Timer.fireTimerEvent(J)V+45
j  com.sun.webkit.Timer.notifyTick()V+25
j  javafx.scene.web.WebEngine$PulseTimer.lambda$null$47()V+3
j  javafx.scene.web.WebEngine$PulseTimer$$Lambda$159.run()V+0
j  com.sun.javafx.application.PlatformImpl.lambda$null$173(Ljava/lang/Runnable;)Ljava/lang/Void;+1
j  com.sun.javafx.application.PlatformImpl$$Lambda$64.run()Ljava/lang/Object;+4
v  ~StubRoutines::call_stub
J 1191  java.security.AccessController.doPrivileged(Ljava/security/PrivilegedAction;Ljava/security/AccessControlContext;)Ljava/lang/Object; (0 bytes) @ 0x00000000056ae1e6 [0x00000000056ae180+0x66]
j  com.sun.javafx.application.PlatformImpl.lambda$runLater$174(Ljava/lang/Runnable;Ljava/security/AccessControlContext;)V+7
j  com.sun.javafx.application.PlatformImpl$$Lambda$63.run()V+8
j  com.sun.glass.ui.InvokeLaterDispatcher$Future.run()V+4
v  ~StubRoutines::call_stub
j  com.sun.glass.ui.win.WinApplication._runLoop(Ljava/lang/Runnable;)V+0
j  com.sun.glass.ui.win.WinApplication.lambda$null$148(ILjava/lang/Runnable;)V+8
j  com.sun.glass.ui.win.WinApplication$$Lambda$53.run()V+12
j  java.lang.Thread.run()V+11
v  ~StubRoutines::call_stub

---------------  P R O C E S S  ---------------

Java Threads: ( => current thread )
  0x000000002f023800 JavaThread "Thread-7" daemon [_thread_blocked, id=7032, stack(0x0000000035320000,0x0000000035420000)]
  0x000000002f025000 JavaThread "Prism Font Disposer" daemon [_thread_blocked, id=9716, stack(0x0000000033d00000,0x0000000033e00000)]
  0x000000002f020800 JavaThread "URL-Loader-20" daemon [_thread_blocked, id=12172, stack(0x0000000032c00000,0x0000000032d00000)]
  0x000000002f022800 JavaThread "URL-Loader-19" daemon [_thread_blocked, id=5944, stack(0x0000000032b00000,0x0000000032c00000)]
  0x000000002f024000 JavaThread "URL-Loader-18" daemon [_thread_blocked, id=6696, stack(0x0000000032a00000,0x0000000032b00000)]
  0x000000002f022000 JavaThread "URL-Loader-17" daemon [_thread_blocked, id=5452, stack(0x0000000032900000,0x0000000032a00000)]
  0x000000002f025800 JavaThread "URL-Loader-16" daemon [_thread_blocked, id=588, stack(0x0000000032800000,0x0000000032900000)]
  0x000000002f019800 JavaThread "URL-Loader-15" daemon [_thread_blocked, id=2840, stack(0x0000000032700000,0x0000000032800000)]
  0x000000002f01f800 JavaThread "URL-Loader-14" daemon [_thread_blocked, id=13876, stack(0x0000000032600000,0x0000000032700000)]
  0x000000002f018000 JavaThread "URL-Loader-13" daemon [_thread_blocked, id=2864, stack(0x0000000032100000,0x0000000032200000)]
  0x000000002f01e000 JavaThread "URL-Loader-12" daemon [_thread_blocked, id=10936, stack(0x0000000031f00000,0x0000000032000000)]
  0x000000002f01c800 JavaThread "URL-Loader-11" daemon [_thread_blocked, id=12544, stack(0x0000000031a00000,0x0000000031b00000)]
  0x000000002f01d800 JavaThread "URL-Loader-10" daemon [_thread_blocked, id=1780, stack(0x0000000030930000,0x0000000030a30000)]
  0x000000002f019000 JavaThread "URL-Loader-9" daemon [_thread_blocked, id=13532, stack(0x0000000030830000,0x0000000030930000)]
  0x000000002f01b000 JavaThread "URL-Loader-8" daemon [_thread_blocked, id=2508, stack(0x0000000030730000,0x0000000030830000)]
  0x000000002f01f000 JavaThread "URL-Loader-7" daemon [_thread_blocked, id=6288, stack(0x0000000030630000,0x0000000030730000)]
  0x000000002f01c000 JavaThread "URL-Loader-6" daemon [_thread_blocked, id=1144, stack(0x0000000030530000,0x0000000030630000)]
  0x000000002f01a800 JavaThread "URL-Loader-5" daemon [_thread_blocked, id=3656, stack(0x0000000030430000,0x0000000030530000)]
  0x0000000020ac7000 JavaThread "URL-Loader-4" daemon [_thread_blocked, id=1332, stack(0x0000000030330000,0x0000000030430000)]
  0x0000000020aca000 JavaThread "URL-Loader-3" daemon [_thread_blocked, id=12036, stack(0x0000000030230000,0x0000000030330000)]
  0x0000000020ac6000 JavaThread "URL-Loader-2" daemon [_thread_blocked, id=5960, stack(0x0000000030130000,0x0000000030230000)]
  0x0000000020ac8800 JavaThread "Watchdog-Timer-1" daemon [_thread_blocked, id=13128, stack(0x0000000030030000,0x0000000030130000)]
  0x0000000020ac7800 JavaThread "Keep-Alive-Timer" daemon [_thread_blocked, id=9824, stack(0x000000002e5a0000,0x000000002e6a0000)]
  0x0000000020ac3000 JavaThread "URL-Loader-1" daemon [_thread_blocked, id=6708, stack(0x000000002bf90000,0x000000002c090000)]
  0x0000000020ac4000 JavaThread "Image Fetcher 1" daemon [_thread_blocked, id=10176, stack(0x000000002b840000,0x000000002b940000)]
  0x0000000020ac9000 JavaThread "Image Fetcher 0" daemon [_thread_blocked, id=2888, stack(0x000000002b740000,0x000000002b840000)]
  0x0000000020ac4800 JavaThread "Disposer" daemon [_thread_blocked, id=11928, stack(0x000000002b440000,0x000000002b540000)]
  0x00000000209d9000 JavaThread "Thread-4" daemon [_thread_in_native, id=3704, stack(0x000000002a040000,0x000000002a140000)]
=>0x00000000209a0000 JavaThread "JavaFX Application Thread" [_thread_in_native, id=14064, stack(0x0000000029740000,0x0000000029840000)]
  0x000000002099d800 JavaThread "Thread-2" daemon [_thread_blocked, id=13560, stack(0x0000000029640000,0x0000000029740000)]
  0x00000000038bd800 JavaThread "DestroyJavaVM" [_thread_blocked, id=7416, stack(0x0000000005070000,0x0000000005170000)]
  0x00000000205ff000 JavaThread "AWT-EventQueue-0" [_thread_blocked, id=1004, stack(0x0000000021620000,0x0000000021720000)]
  0x00000000205fd000 JavaThread "AWT-Shutdown" [_thread_blocked, id=8424, stack(0x0000000021290000,0x0000000021390000)]
  0x00000000205fa000 JavaThread "Java2D Disposer" daemon [_thread_blocked, id=13220, stack(0x0000000021190000,0x0000000021290000)]
  0x000000001e94e800 JavaThread "Service Thread" daemon [_thread_blocked, id=4604, stack(0x0000000020640000,0x0000000020740000)]
  0x000000001e8fe000 JavaThread "C1 CompilerThread2" daemon [_thread_blocked, id=8244, stack(0x0000000020140000,0x0000000020240000)]
  0x000000001e8ef800 JavaThread "C2 CompilerThread1" daemon [_thread_blocked, id=8636, stack(0x0000000020040000,0x0000000020140000)]
  0x000000001e8ed000 JavaThread "C2 CompilerThread0" daemon [_thread_blocked, id=9408, stack(0x000000001ff40000,0x0000000020040000)]
  0x000000001e8eb800 JavaThread "Attach Listener" daemon [_thread_blocked, id=12432, stack(0x000000001fe40000,0x000000001ff40000)]
  0x000000001e8ea000 JavaThread "Signal Dispatcher" daemon [_thread_blocked, id=920, stack(0x000000001fd40000,0x000000001fe40000)]
  0x000000001e8da800 JavaThread "Finalizer" daemon [_thread_blocked, id=12832, stack(0x000000001fb40000,0x000000001fc40000)]
  0x000000001e8b8800 JavaThread "Reference Handler" daemon [_thread_blocked, id=8548, stack(0x000000001fa40000,0x000000001fb40000)]

Other Threads:
  0x000000001e8b6800 VMThread [stack: 0x000000001f940000,0x000000001fa40000] [id=12484]
  0x0000000020293000 WatcherThread [stack: 0x0000000020740000,0x0000000020840000] [id=5520]

VM state:not at safepoint (normal execution)

VM Mutex/Monitor currently owned by a thread: None

Heap:
 PSYoungGen      total 116224K, used 25679K [0x000000076ad80000, 0x0000000776800000, 0x00000007c0000000)
  eden space 105472K, 20% used [0x000000076ad80000,0x000000076c2ad558,0x0000000771480000)
  from space 10752K, 37% used [0x0000000771480000,0x0000000771866878,0x0000000771f00000)
  to   space 7680K, 0% used [0x0000000776080000,0x0000000776080000,0x0000000776800000)
 ParOldGen       total 125952K, used 7452K [0x00000006c0800000, 0x00000006c8300000, 0x000000076ad80000)
  object space 125952K, 5% used [0x00000006c0800000,0x00000006c0f47308,0x00000006c8300000)
 Metaspace       used 24571K, capacity 25320K, committed 25472K, reserved 1071104K
  class space    used 3241K, capacity 3430K, committed 3456K, reserved 1048576K

Card table byte_map: [0x0000000014630000,0x0000000014e30000] byte_map_base: 0x000000001102c000

Marking Bits: (ParMarkBitMap*) 0x0000000050bbb6d0
 Begin Bits: [0x0000000015790000, 0x0000000019770000)
 End Bits:   [0x0000000019770000, 0x000000001d750000)

Polling page: 0x00000000032d0000

CodeCache: size=245760Kb used=7518Kb max_used=7528Kb free=238241Kb
 bounds [0x0000000005270000, 0x00000000059d0000, 0x0000000014270000]
 total_blobs=3151 nmethods=2315 adapters=748
 compilation: enabled

Compilation events (10 events):
Event: 2.028 Thread 0x000000001e8fe000 2310       3       java.nio.HeapCharBuffer::<init> (14 bytes)
Event: 2.028 Thread 0x000000001e8fe000 nmethod 2310 0x00000000059b6cd0 code [0x00000000059b6e40, 0x00000000059b7088]
Event: 2.028 Thread 0x000000001e8fe000 2311       3       java.io.Writer::write (11 bytes)
Event: 2.028 Thread 0x000000001e8fe000 nmethod 2311 0x00000000059b6710 code [0x00000000059b6880, 0x00000000059b6b88]
Event: 2.028 Thread 0x000000001e8fe000 2312       3       java.io.PrintStream::print (13 bytes)
Event: 2.028 Thread 0x000000001e8fe000 nmethod 2312 0x00000000059b91d0 code [0x00000000059b9340, 0x00000000059b9508]
Event: 2.028 Thread 0x000000001e8fe000 2313       3       java.io.OutputStream::flush (1 bytes)
Event: 2.028 Thread 0x000000001e8fe000 nmethod 2313 0x00000000059bb250 code [0x00000000059bb3a0, 0x00000000059bb4f0]
Event: 2.029 Thread 0x000000001e8fe000 2314       3       sun.security.ssl.SSLSocketImpl::checkSequenceNumber (137 bytes)
Event: 2.029 Thread 0x000000001e8fe000 nmethod 2314 0x00000000059ba410 code [0x00000000059ba5e0, 0x00000000059bafa8]

GC Heap History (10 events):
Event: 0.814 GC heap before
{Heap before GC invocations=2 (full 1):
 PSYoungGen      total 76288K, used 7502K [0x000000076ad80000, 0x0000000770280000, 0x00000007c0000000)
  eden space 65536K, 0% used [0x000000076ad80000,0x000000076ad80000,0x000000076ed80000)
  from space 10752K, 69% used [0x000000076ed80000,0x000000076f4d3850,0x000000076f800000)
  to   space 10752K, 0% used [0x000000076f800000,0x000000076f800000,0x0000000770280000)
 ParOldGen       total 175104K, used 16K [0x00000006c0800000, 0x00000006cb300000, 0x000000076ad80000)
  object space 175104K, 0% used [0x00000006c0800000,0x00000006c0804000,0x00000006cb300000)
 Metaspace       used 20545K, capacity 21122K, committed 21248K, reserved 1067008K
  class space    used 2797K, capacity 2985K, committed 3072K, reserved 1048576K
Event: 0.833 GC heap after
Heap after GC invocations=2 (full 1):
 PSYoungGen      total 76288K, used 0K [0x000000076ad80000, 0x0000000770280000, 0x00000007c0000000)
  eden space 65536K, 0% used [0x000000076ad80000,0x000000076ad80000,0x000000076ed80000)
  from space 10752K, 0% used [0x000000076ed80000,0x000000076ed80000,0x000000076f800000)
  to   space 10752K, 0% used [0x000000076f800000,0x000000076f800000,0x0000000770280000)
 ParOldGen       total 125952K, used 7420K [0x00000006c0800000, 0x00000006c8300000, 0x000000076ad80000)
  object space 125952K, 5% used [0x00000006c0800000,0x00000006c0f3f308,0x00000006c8300000)
 Metaspace       used 20545K, capacity 21122K, committed 21248K, reserved 1067008K
  class space    used 2797K, capacity 2985K, committed 3072K, reserved 1048576K
}
Event: 1.432 GC heap before
{Heap before GC invocations=3 (full 1):
 PSYoungGen      total 76288K, used 65481K [0x000000076ad80000, 0x0000000770280000, 0x00000007c0000000)
  eden space 65536K, 99% used [0x000000076ad80000,0x000000076ed72628,0x000000076ed80000)
  from space 10752K, 0% used [0x000000076ed80000,0x000000076ed80000,0x000000076f800000)
  to   space 10752K, 0% used [0x000000076f800000,0x000000076f800000,0x0000000770280000)
 ParOldGen       total 125952K, used 7420K [0x00000006c0800000, 0x00000006c8300000, 0x000000076ad80000)
  object space 125952K, 5% used [0x00000006c0800000,0x00000006c0f3f308,0x00000006c8300000)
 Metaspace       used 23302K, capacity 24050K, committed 24320K, reserved 1071104K
  class space    used 3087K, capacity 3301K, committed 3328K, reserved 1048576K
Event: 1.437 GC heap after
Heap after GC invocations=3 (full 1):
 PSYoungGen      total 76288K, used 3548K [0x000000076ad80000, 0x0000000771080000, 0x00000007c0000000)
  eden space 65536K, 0% used [0x000000076ad80000,0x000000076ad80000,0x000000076ed80000)
  from space 10752K, 32% used [0x000000076f800000,0x000000076fb77020,0x0000000770280000)
  to   space 10752K, 0% used [0x000000076ed80000,0x000000076ed80000,0x000000076f800000)
 ParOldGen       total 125952K, used 7428K [0x00000006c0800000, 0x00000006c8300000, 0x000000076ad80000)
  object space 125952K, 5% used [0x00000006c0800000,0x00000006c0f41308,0x00000006c8300000)
 Metaspace       used 23302K, capacity 24050K, committed 24320K, reserved 1071104K
  class space    used 3087K, capacity 3301K, committed 3328K, reserved 1048576K
}
Event: 1.449 GC heap before
{Heap before GC invocations=4 (full 1):
 PSYoungGen      total 76288K, used 69043K [0x000000076ad80000, 0x0000000771080000, 0x00000007c0000000)
  eden space 65536K, 99% used [0x000000076ad80000,0x000000076ed75e10,0x000000076ed80000)
  from space 10752K, 32% used [0x000000076f800000,0x000000076fb77020,0x0000000770280000)
  to   space 10752K, 0% used [0x000000076ed80000,0x000000076ed80000,0x000000076f800000)
 ParOldGen       total 125952K, used 7428K [0x00000006c0800000, 0x00000006c8300000, 0x000000076ad80000)
  object space 125952K, 5% used [0x00000006c0800000,0x00000006c0f41308,0x00000006c8300000)
 Metaspace       used 23305K, capacity 24050K, committed 24320K, reserved 1071104K
  class space    used 3087K, capacity 3301K, committed 3328K, reserved 1048576K
Event: 1.451 GC heap after
Heap after GC invocations=4 (full 1):
 PSYoungGen      total 76288K, used 2289K [0x000000076ad80000, 0x0000000772980000, 0x00000007c0000000)
  eden space 65536K, 0% used [0x000000076ad80000,0x000000076ad80000,0x000000076ed80000)
  from space 10752K, 21% used [0x000000076ed80000,0x000000076efbc7b8,0x000000076f800000)
  to   space 10752K, 0% used [0x0000000771f00000,0x0000000771f00000,0x0000000772980000)
 ParOldGen       total 125952K, used 7436K [0x00000006c0800000, 0x00000006c8300000, 0x000000076ad80000)
  object space 125952K, 5% used [0x00000006c0800000,0x00000006c0f43308,0x00000006c8300000)
 Metaspace       used 23305K, capacity 24050K, committed 24320K, reserved 1071104K
  class space    used 3087K, capacity 3301K, committed 3328K, reserved 1048576K
}
Event: 1.461 GC heap before
{Heap before GC invocations=5 (full 1):
 PSYoungGen      total 76288K, used 67746K [0x000000076ad80000, 0x0000000772980000, 0x00000007c0000000)
  eden space 65536K, 99% used [0x000000076ad80000,0x000000076ed6c430,0x000000076ed80000)
  from space 10752K, 21% used [0x000000076ed80000,0x000000076efbc7b8,0x000000076f800000)
  to   space 10752K, 0% used [0x0000000771f00000,0x0000000771f00000,0x0000000772980000)
 ParOldGen       total 125952K, used 7436K [0x00000006c0800000, 0x00000006c8300000, 0x000000076ad80000)
  object space 125952K, 5% used [0x00000006c0800000,0x00000006c0f43308,0x00000006c8300000)
 Metaspace       used 23320K, capacity 24050K, committed 24320K, reserved 1071104K
  class space    used 3087K, capacity 3301K, committed 3328K, reserved 1048576K
Event: 1.463 GC heap after
Heap after GC invocations=5 (full 1):
 PSYoungGen      total 116224K, used 2306K [0x000000076ad80000, 0x0000000773000000, 0x00000007c0000000)
  eden space 105472K, 0% used [0x000000076ad80000,0x000000076ad80000,0x0000000771480000)
  from space 10752K, 21% used [0x0000000771f00000,0x0000000772140928,0x0000000772980000)
  to   space 10752K, 0% used [0x0000000771480000,0x0000000771480000,0x0000000771f00000)
 ParOldGen       total 125952K, used 7444K [0x00000006c0800000, 0x00000006c8300000, 0x000000076ad80000)
  object space 125952K, 5% used [0x00000006c0800000,0x00000006c0f45308,0x00000006c8300000)
 Metaspace       used 23320K, capacity 24050K, committed 24320K, reserved 1071104K
  class space    used 3087K, capacity 3301K, committed 3328K, reserved 1048576K
}
Event: 1.722 GC heap before
{Heap before GC invocations=6 (full 1):
 PSYoungGen      total 116224K, used 107778K [0x000000076ad80000, 0x0000000773000000, 0x00000007c0000000)
  eden space 105472K, 100% used [0x000000076ad80000,0x0000000771480000,0x0000000771480000)
  from space 10752K, 21% used [0x0000000771f00000,0x0000000772140928,0x0000000772980000)
  to   space 10752K, 0% used [0x0000000771480000,0x0000000771480000,0x0000000771f00000)
 ParOldGen       total 125952K, used 7444K [0x00000006c0800000, 0x00000006c8300000, 0x000000076ad80000)
  object space 125952K, 5% used [0x00000006c0800000,0x00000006c0f45308,0x00000006c8300000)
 Metaspace       used 23866K, capacity 24582K, committed 24960K, reserved 1071104K
  class space    used 3144K, capacity 3347K, committed 3456K, reserved 1048576K
Event: 1.725 GC heap after
Heap after GC invocations=6 (full 1):
 PSYoungGen      total 116224K, used 3994K [0x000000076ad80000, 0x0000000776800000, 0x00000007c0000000)
  eden space 105472K, 0% used [0x000000076ad80000,0x000000076ad80000,0x0000000771480000)
  from space 10752K, 37% used [0x0000000771480000,0x0000000771866878,0x0000000771f00000)
  to   space 7680K, 0% used [0x0000000776080000,0x0000000776080000,0x0000000776800000)
 ParOldGen       total 125952K, used 7452K [0x00000006c0800000, 0x00000006c8300000, 0x000000076ad80000)
  object space 125952K, 5% used [0x00000006c0800000,0x00000006c0f47308,0x00000006c8300000)
 Metaspace       used 23866K, capacity 24582K, committed 24960K, reserved 1071104K
  class space    used 3144K, capacity 3347K, committed 3456K, reserved 1048576K
}

Deoptimization events (10 events):
Event: 1.707 Thread 0x000000002f01c000 Uncommon trap: reason=predicate action=maybe_recompile pc=0x000000000590a7c8 method=java.util.regex.Pattern$SliceI.match(Ljava/util/regex/Matcher;ILjava/lang/CharSequence;)Z @ 21
Event: 1.755 Thread 0x00000000209a0000 Uncommon trap: reason=unstable_if action=reinterpret pc=0x0000000005939454 method=com.sun.javafx.iio.png.PNGImageLoader2.paethPr(III)I @ 36
Event: 1.913 Thread 0x00000000209a0000 Uncommon trap: reason=bimorphic action=maybe_recompile pc=0x000000000559a7b0 method=java.io.DataInputStream.readShort()S @ 4
Event: 1.913 Thread 0x00000000209a0000 Uncommon trap: reason=bimorphic action=maybe_recompile pc=0x000000000559a7b0 method=java.io.DataInputStream.readShort()S @ 4
Event: 1.913 Thread 0x00000000209a0000 Uncommon trap: reason=bimorphic action=maybe_recompile pc=0x000000000559a7b0 method=java.io.DataInputStream.readShort()S @ 4
Event: 1.932 Thread 0x00000000209a0000 Uncommon trap: reason=class_check action=maybe_recompile pc=0x000000000581b2b0 method=java.io.FilterInputStream.read()I @ 4
Event: 1.932 Thread 0x00000000209a0000 Uncommon trap: reason=class_check action=maybe_recompile pc=0x000000000581b2b0 method=java.io.FilterInputStream.read()I @ 4
Event: 1.932 Thread 0x00000000209a0000 Uncommon trap: reason=class_check action=maybe_recompile pc=0x000000000581b2b0 method=java.io.FilterInputStream.read()I @ 4
Event: 1.932 Thread 0x00000000209a0000 Uncommon trap: reason=class_check action=maybe_recompile pc=0x000000000581b2b0 method=java.io.FilterInputStream.read()I @ 4
Event: 2.008 Thread 0x00000000209a0000 Uncommon trap: reason=unstable_if action=reinterpret pc=0x00000000059c28fc method=com.sun.javafx.font.CMap.getControlCodeGlyph(IZ)I @ 64

Internal exceptions (10 events):
Event: 1.939 Thread 0x000000002f023800 Exception <a 'java/lang/NullPointerException'> (0x000000076bdea038) thrown at [C:\re\workspace\8-2-build-windows-amd64-cygwin\jdk8u121\8372\hotspot\src\share\vm\runtime\sharedRuntime.cpp, line 605]
Event: 1.953 Thread 0x00000000209a0000 Exception <a 'java/io/FileNotFoundException'> (0x000000076be77c28) thrown at [C:\re\workspace\8-2-build-windows-amd64-cygwin\jdk8u121\8372\hotspot\src\share\vm\prims\jni.cpp, line 709]
Event: 1.953 Thread 0x00000000209a0000 Exception <a 'java/io/FileNotFoundException'> (0x000000076be78c98) thrown at [C:\re\workspace\8-2-build-windows-amd64-cygwin\jdk8u121\8372\hotspot\src\share\vm\prims\jni.cpp, line 709]
Event: 1.953 Thread 0x00000000209a0000 Exception <a 'java/io/FileNotFoundException'> (0x000000076be79da0) thrown at [C:\re\workspace\8-2-build-windows-amd64-cygwin\jdk8u121\8372\hotspot\src\share\vm\prims\jni.cpp, line 709]
Event: 1.953 Thread 0x00000000209a0000 Exception <a 'java/io/FileNotFoundException'> (0x000000076be7adf8) thrown at [C:\re\workspace\8-2-build-windows-amd64-cygwin\jdk8u121\8372\hotspot\src\share\vm\prims\jni.cpp, line 709]
Event: 1.971 Thread 0x000000002f027000 Exception <a 'java/lang/IllegalStateException'> (0x000000076c0ea4d0) thrown at [C:\re\workspace\8-2-build-windows-amd64-cygwin\jdk8u121\8372\hotspot\src\share\vm\prims\jvm.cpp, line 1394]
Event: 2.008 Thread 0x00000000209a0000 Exception <a 'java/io/FileNotFoundException'> (0x000000076be8b8c8) thrown at [C:\re\workspace\8-2-build-windows-amd64-cygwin\jdk8u121\8372\hotspot\src\share\vm\prims\jni.cpp, line 709]
Event: 2.008 Thread 0x00000000209a0000 Exception <a 'java/io/FileNotFoundException'> (0x000000076be8c938) thrown at [C:\re\workspace\8-2-build-windows-amd64-cygwin\jdk8u121\8372\hotspot\src\share\vm\prims\jni.cpp, line 709]
Event: 2.008 Thread 0x00000000209a0000 Exception <a 'java/io/FileNotFoundException'> (0x000000076be8da40) thrown at [C:\re\workspace\8-2-build-windows-amd64-cygwin\jdk8u121\8372\hotspot\src\share\vm\prims\jni.cpp, line 709]
Event: 2.008 Thread 0x00000000209a0000 Exception <a 'java/io/FileNotFoundException'> (0x000000076be8ea98) thrown at [C:\re\workspace\8-2-build-windows-amd64-cygwin\jdk8u121\8372\hotspot\src\share\vm\prims\jni.cpp, line 709]

Events (10 events):
Event: 1.971 Thread 0x000000002f027000 Thread exited: 0x000000002f027000
Event: 1.975 Thread 0x000000002094b000 Thread exited: 0x000000002094b000
Event: 1.990 Thread 0x00000000205fd800 Thread exited: 0x00000000205fd800
Event: 2.008 Thread 0x00000000209a0000 Uncommon trap: trap_request=0xffffff65 fr.pc=0x00000000059c28fc
Event: 2.008 Thread 0x00000000209a0000 DEOPT PACKING pc=0x00000000059c28fc sp=0x000000002982f090
Event: 2.008 Thread 0x00000000209a0000 DEOPT UNPACKING pc=0x00000000052b582a sp=0x000000002982ee20 mode 2
Event: 2.027 loading class java/lang/Throwable$WrappedPrintStream
Event: 2.027 loading class java/lang/Throwable$PrintStreamOrWriter
Event: 2.028 loading class java/lang/Throwable$PrintStreamOrWriter done
Event: 2.028 loading class java/lang/Throwable$WrappedPrintStream done


Dynamic libraries:
0x00007ff772f60000 - 0x00007ff772f97000 	C:\Program Files\Java\jre1.8.0_121\bin\javaw.exe
0x00007ffe03750000 - 0x00007ffe03930000 	C:\WINDOWS\SYSTEM32\ntdll.dll
0x00007ffe00c80000 - 0x00007ffe00d2e000 	C:\WINDOWS\System32\KERNEL32.DLL
0x00007ffdffef0000 - 0x00007ffe00156000 	C:\WINDOWS\System32\KERNELBASE.dll
0x00007ffe025b0000 - 0x00007ffe02651000 	C:\WINDOWS\System32\ADVAPI32.dll
0x00007ffe00ed0000 - 0x00007ffe00f6d000 	C:\WINDOWS\System32\msvcrt.dll
0x00007ffe02550000 - 0x00007ffe025ab000 	C:\WINDOWS\System32\sechost.dll
0x00007ffe00db0000 - 0x00007ffe00ecf000 	C:\WINDOWS\System32\RPCRT4.dll
0x00007ffe00f70000 - 0x00007ffe010ff000 	C:\WINDOWS\System32\USER32.dll
0x00007ffdffda0000 - 0x00007ffdffdc0000 	C:\WINDOWS\System32\win32u.dll
0x00007ffe02b10000 - 0x00007ffe02b38000 	C:\WINDOWS\System32\GDI32.dll
0x00007ffe00a80000 - 0x00007ffe00c13000 	C:\WINDOWS\System32\gdi32full.dll
0x00007ffdffb50000 - 0x00007ffdffbeb000 	C:\WINDOWS\System32\msvcp_win.dll
0x00007ffdffbf0000 - 0x00007ffdffce6000 	C:\WINDOWS\System32\ucrtbase.dll
0x00007ffdf2950000 - 0x00007ffdf2bb9000 	C:\WINDOWS\WinSxS\amd64_microsoft.windows.common-controls_6595b64144ccf1df_6.0.16299.309_none_15cfd4c4935e6b11\COMCTL32.dll
0x00007ffe02800000 - 0x00007ffe02b08000 	C:\WINDOWS\System32\combase.dll
0x00007ffdffe20000 - 0x00007ffdffe92000 	C:\WINDOWS\System32\bcryptPrimitives.dll
0x00007ffe027d0000 - 0x00007ffe027fd000 	C:\WINDOWS\System32\IMM32.DLL
0x0000000077a60000 - 0x0000000077b32000 	C:\Program Files\Java\jre1.8.0_121\bin\msvcr100.dll
0x00000000503a0000 - 0x0000000050c3b000 	C:\Program Files\Java\jre1.8.0_121\bin\server\jvm.dll
0x00007ffe01100000 - 0x00007ffe01108000 	C:\WINDOWS\System32\PSAPI.DLL
0x00007ffdf0770000 - 0x00007ffdf0779000 	C:\WINDOWS\SYSTEM32\WSOCK32.dll
0x00007ffdfdb60000 - 0x00007ffdfdb83000 	C:\WINDOWS\SYSTEM32\WINMM.dll
0x00007ffdfad90000 - 0x00007ffdfad9a000 	C:\WINDOWS\SYSTEM32\VERSION.dll
0x00007ffe02f80000 - 0x00007ffe02fec000 	C:\WINDOWS\System32\WS2_32.dll
0x00007ffdfda20000 - 0x00007ffdfda4a000 	C:\WINDOWS\SYSTEM32\WINMMBASE.dll
0x00007ffdffea0000 - 0x00007ffdffeea000 	C:\WINDOWS\System32\cfgmgr32.dll
0x00000000502b0000 - 0x00000000502bf000 	C:\Program Files\Java\jre1.8.0_121\bin\verify.dll
0x0000000050280000 - 0x00000000502a9000 	C:\Program Files\Java\jre1.8.0_121\bin\java.dll
0x0000000050260000 - 0x0000000050276000 	C:\Program Files\Java\jre1.8.0_121\bin\zip.dll
0x00007ffe01110000 - 0x00007ffe02546000 	C:\WINDOWS\System32\SHELL32.dll
0x00007ffe03670000 - 0x00007ffe03716000 	C:\WINDOWS\System32\shcore.dll
0x00007ffe00330000 - 0x00007ffe00a77000 	C:\WINDOWS\System32\windows.storage.dll
0x00007ffe00c20000 - 0x00007ffe00c71000 	C:\WINDOWS\System32\shlwapi.dll
0x00007ffdffac0000 - 0x00007ffdffad1000 	C:\WINDOWS\System32\kernel.appcore.dll
0x00007ffdffae0000 - 0x00007ffdffb2c000 	C:\WINDOWS\System32\powrprof.dll
0x00007ffdffb30000 - 0x00007ffdffb4b000 	C:\WINDOWS\System32\profapi.dll
0x0000000050240000 - 0x000000005025a000 	C:\Program Files\Java\jre1.8.0_121\bin\net.dll
0x00007ffdff330000 - 0x00007ffdff396000 	C:\WINDOWS\system32\mswsock.dll
0x00007ffdff100000 - 0x00007ffdff1b6000 	C:\WINDOWS\SYSTEM32\DNSAPI.dll
0x00007ffe03100000 - 0x00007ffe03108000 	C:\WINDOWS\System32\NSI.dll
0x00007ffdff0c0000 - 0x00007ffdff0f9000 	C:\WINDOWS\SYSTEM32\IPHLPAPI.DLL
0x00007ffdf66b0000 - 0x00007ffdf66ba000 	C:\Windows\System32\rasadhlp.dll
0x00007ffdf6960000 - 0x00007ffdf69d0000 	C:\WINDOWS\System32\fwpuclnt.dll
0x00007ffdff600000 - 0x00007ffdff625000 	C:\WINDOWS\SYSTEM32\bcrypt.dll
0x0000000050080000 - 0x0000000050218000 	C:\Program Files\Java\jre1.8.0_121\bin\awt.dll
0x00007ffe02ba0000 - 0x00007ffe02c65000 	C:\WINDOWS\System32\OLEAUT32.dll
0x00007ffdfdc80000 - 0x00007ffdfdd08000 	C:\WINDOWS\SYSTEM32\apphelp.dll
0x00007ffdfdf80000 - 0x00007ffdfe015000 	C:\WINDOWS\system32\uxtheme.dll
0x00007ffe02660000 - 0x00007ffe027c7000 	C:\WINDOWS\System32\MSCTF.dll
0x00007ffdfe070000 - 0x00007ffdfe09a000 	C:\WINDOWS\system32\dwmapi.dll
0x00007ffe02c70000 - 0x00007ffe02db9000 	C:\WINDOWS\System32\ole32.dll
0x00007ffde1a70000 - 0x00007ffde1b8e000 	C:\WINDOWS\system32\opengl32.dll
0x00007ffdf6080000 - 0x00007ffdf60ac000 	C:\WINDOWS\SYSTEM32\GLU32.dll
0x00007ffddb850000 - 0x00007ffddb9e5000 	C:\WINDOWS\system32\d3d9.dll
0x00007ffe00160000 - 0x00007ffe0032e000 	C:\WINDOWS\System32\crypt32.dll
0x00007ffdffaa0000 - 0x00007ffdffab2000 	C:\WINDOWS\System32\MSASN1.dll
0x00007ffdffdc0000 - 0x00007ffdffe18000 	C:\WINDOWS\System32\WINTRUST.DLL
0x00007ffe02dc0000 - 0x00007ffe02ddd000 	C:\WINDOWS\System32\imagehlp.dll
0x00007ffdff4f0000 - 0x00007ffdff507000 	C:\WINDOWS\SYSTEM32\CRYPTSP.dll
0x00007ffdfef30000 - 0x00007ffdfef63000 	C:\WINDOWS\system32\rsaenh.dll
0x00007ffdff510000 - 0x00007ffdff51b000 	C:\WINDOWS\SYSTEM32\CRYPTBASE.dll
0x00007ffdf37b0000 - 0x00007ffdf396d000 	C:\WINDOWS\system32\nvspcap64.dll
0x00007ffdfebd0000 - 0x00007ffdfec01000 	C:\WINDOWS\SYSTEM32\ntmarta.dll
0x00007ffdf3360000 - 0x00007ffdf344b000 	C:\Program Files (x86)\NVIDIA Corporation\3D Vision\nvSCPAPI64.dll
0x00007ffe03110000 - 0x00007ffe0355e000 	C:\WINDOWS\System32\SETUPAPI.dll
0x00007ffdde140000 - 0x00007ffdde22f000 	C:\Program Files\Java\jre1.8.0_121\bin\msvcr120.dll
0x00007ffddc230000 - 0x00007ffddc2d6000 	C:\Program Files\Java\jre1.8.0_121\bin\msvcp120.dll
0x0000000077a30000 - 0x0000000077a52000 	C:\Program Files\Java\jre1.8.0_121\bin\prism_d3d.dll
0x00000000779e0000 - 0x0000000077a23000 	C:\Program Files\Java\jre1.8.0_121\bin\glass.dll
0x00007ffe02ff0000 - 0x00007ffe030fa000 	C:\WINDOWS\System32\COMDLG32.dll
0x0000000050030000 - 0x0000000050077000 	C:\Program Files\Java\jre1.8.0_121\bin\fontmanager.dll
0x00007ffdf8d20000 - 0x00007ffdf8db8000 	C:\WINDOWS\System32\TextInputFramework.dll
0x00007ffdfa890000 - 0x00007ffdfab7e000 	C:\WINDOWS\System32\CoreUIComponents.dll
0x00007ffdfd4f0000 - 0x00007ffdfd5cc000 	C:\WINDOWS\System32\CoreMessaging.dll
0x00007ffdfb180000 - 0x00007ffdfb2b6000 	C:\WINDOWS\SYSTEM32\wintypes.dll
0x0000000074d80000 - 0x0000000077153000 	C:\Program Files\Java\jre1.8.0_121\bin\jfxwebkit.dll
0x00000000779c0000 - 0x00000000779d4000 	C:\Program Files\Java\jre1.8.0_121\bin\javafx_font.dll
0x00007ffdf1d50000 - 0x00007ffdf205f000 	C:\WINDOWS\SYSTEM32\dwrite.dll
0x00007ffe03560000 - 0x00007ffe035fe000 	C:\WINDOWS\System32\clbcatq.dll
0x00007ffdfafd0000 - 0x00007ffdfb17b000 	C:\WINDOWS\SYSTEM32\WindowsCodecs.dll
0x00007ffdf1d00000 - 0x00007ffdf1d4f000 	C:\WINDOWS\system32\dataexchange.dll
0x00007ffdfcc40000 - 0x00007ffdfcf22000 	C:\WINDOWS\system32\d3d11.dll
0x00007ffdfd5d0000 - 0x00007ffdfd712000 	C:\WINDOWS\system32\dcomp.dll
0x00007ffdfe900000 - 0x00007ffdfe9af000 	C:\WINDOWS\system32\dxgi.dll
0x00007ffdfe0a0000 - 0x00007ffdfe21b000 	C:\WINDOWS\system32\twinapi.appcore.dll
0x00007ffdfe2e0000 - 0x00007ffdfe300000 	C:\WINDOWS\system32\RMCLIENT.dll
0x0000000050220000 - 0x0000000050231000 	C:\Program Files\Java\jre1.8.0_121\bin\nio.dll
0x0000000077180000 - 0x00000000771a4000 	C:\Program Files\Java\jre1.8.0_121\bin\sunec.dll
0x00007ffdf6e50000 - 0x00007ffdf6e66000 	C:\WINDOWS\SYSTEM32\dhcpcsvc6.DLL
0x00007ffdf8640000 - 0x00007ffdf865a000 	C:\WINDOWS\SYSTEM32\dhcpcsvc.DLL
0x00007ffdff9a0000 - 0x00007ffdff9c9000 	C:\WINDOWS\SYSTEM32\USERENV.dll
0x0000000077160000 - 0x000000007716b000 	C:\Program Files\Java\jre1.8.0_121\bin\sunmscapi.dll
0x0000000077940000 - 0x00000000779b3000 	C:\Program Files\Java\jre1.8.0_121\bin\glib-lite.dll
0x00000000778a0000 - 0x000000007793c000 	C:\Program Files\Java\jre1.8.0_121\bin\gstreamer-lite.dll
0x00007ffddd470000 - 0x00007ffddd4ff000 	C:\WINDOWS\SYSTEM32\DSOUND.dll
0x0000000077870000 - 0x0000000077895000 	C:\Program Files\Java\jre1.8.0_121\bin\jfxmedia.dll
0x00007ffdee990000 - 0x00007ffdeeb58000 	C:\WINDOWS\SYSTEM32\dbghelp.dll

VM Arguments:
jvm_args: -Dfile.encoding=UTF-8 
java_command: Main
java_class_path (initial): C:\Program Files\Java\jre1.8.0_121\lib\resources.jar;C:\Program Files\Java\jre1.8.0_121\lib\rt.jar;C:\Program Files\Java\jre1.8.0_121\lib\jsse.jar;C:\Program Files\Java\jre1.8.0_121\lib\jce.jar;C:\Program Files\Java\jre1.8.0_121\lib\charsets.jar;C:\Program Files\Java\jre1.8.0_121\lib\jfr.jar;C:\Program Files\Java\jre1.8.0_121\lib\ext\access-bridge-64.jar;C:\Program Files\Java\jre1.8.0_121\lib\ext\cldrdata.jar;C:\Program Files\Java\jre1.8.0_121\lib\ext\dnsns.jar;C:\Program Files\Java\jre1.8.0_121\lib\ext\jaccess.jar;C:\Program Files\Java\jre1.8.0_121\lib\ext\jfxrt.jar;C:\Program Files\Java\jre1.8.0_121\lib\ext\localedata.jar;C:\Program Files\Java\jre1.8.0_121\lib\ext\nashorn.jar;C:\Program Files\Java\jre1.8.0_121\lib\ext\sunec.jar;C:\Program Files\Java\jre1.8.0_121\lib\ext\sunjce_provider.jar;C:\Program Files\Java\jre1.8.0_121\lib\ext\sunmscapi.jar;C:\Program Files\Java\jre1.8.0_121\lib\ext\sunpkcs11.jar;C:\Program Files\Java\jre1.8.0_121\lib\ext\zipfs.jar;H:\EclipseProjekt\UslugiSieciowe\bin;H:\EclipseProjekt\UslugiSieciowe\lib\owm-japis-2.5.2.2.jar;H:\EclipseProjekt\UslugiSieciowe\lib\owm-japis-2.5.2.2-sources.jar;H:\EclipseProjekt\UslugiSieciowe\lib\owm-japis-2.5.2.2-javadoc.jar;H:\EclipseProjekt\UslugiSieciowe\lib\java-json.jar
Launcher Type: SUN_STANDARD

Environment Variables:
PATH=C:/Program Files/Java/jre1.8.0_121/bin/server;C:/Program Files/Java/jre1.8.0_121/bin;C:/Program Files/Java/jre1.8.0_121/lib/amd64;C:\ProgramData\Oracle\Java\javapath;C:\Windows\system32;C:\Windows;C:\Windows\System32\Wbem;C:\Windows\System32\WindowsPowerShell\v1.0\;C:\Program Files (x86)\Skype\Phone\;C:\WINDOWS\system32;C:\WINDOWS;C:\WINDOWS\System32\Wbem;C:\WINDOWS\System32\WindowsPowerShell\v1.0\;C:\Program Files (x86)\Microsoft SQL Server\Client SDK\ODBC\130\Tools\Binn\;C:\Program Files (x86)\Microsoft SQL Server\140\Tools\Binn\;C:\Program Files (x86)\Microsoft SQL Server\140\DTS\Binn\;C:\Program Files (x86)\Microsoft SQL Server\140\Tools\Binn\ManagementStudio\;C:\Program Files (x86)\NVIDIA Corporation\PhysX\Common;C:\WINDOWS\system32;C:\WINDOWS;C:\WINDOWS\System32\Wbem;C:\WINDOWS\System32\WindowsPowerShell\v1.0\;C:\Program Files (x86)\GtkSharp\2.12\bin;C:\Program Files\dotnet\;C:\Users\Mariusz\AppData\Local\Microsoft\WindowsApps;;H:\eclipse;
USERNAME=Mariusz
OS=Windows_NT
PROCESSOR_IDENTIFIER=Intel64 Family 6 Model 94 Stepping 3, GenuineIntel



---------------  S Y S T E M  ---------------

OS: Windows 10.0 , 64 bit Build 16299 (10.0.16299.15)

CPU:total 4 (4 cores per cpu, 1 threads per core) family 6 model 94 stepping 3, cmov, cx8, fxsr, mmx, sse, sse2, sse3, ssse3, sse4.1, sse4.2, popcnt, avx, avx2, aes, clmul, erms, rtm, 3dnowpref, lzcnt, tsc, tscinvbit, bmi1, bmi2, adx

Memory: 4k page, physical 16739200k(8410372k free), swap 20147072k(6077296k free)

vm_info: Java HotSpot(TM) 64-Bit Server VM (25.121-b13) for windows-amd64 JRE (1.8.0_121-b13), built on Dec 12 2016 18:21:36 by "java_re" with MS VC++ 10.0 (VS2010)

time: Wed Apr 11 19:31:03 2018
elapsed time: 2 seconds (0d 0h 0m 2s)

